2025-06-11 17:59:38,025 - sudoku_ocr - INFO - Successfully initialized PaddleOCR
2025-06-11 17:59:38,182 - sudoku_ocr - INFO - Successfully found puzzle contour
2025-06-11 17:59:38,198 - sudoku_ocr - INFO - Successfully transformed puzzle image
2025-06-11 17:59:38,226 - sudoku_ocr - INFO - Successfully preprocessed board image
2025-06-11 17:59:38,465 - sudoku_ocr - INFO - Successfully processed entire Sudoku grid
2025-06-11 17:59:38,465 - sudoku_ocr - INFO - Successfully processed entire Sudoku grid
2025-06-11 18:04:21,972 - sudoku_ocr - INFO - Successfully initialized PaddleOCR
2025-06-11 18:04:22,168 - sudoku_ocr - INFO - Successfully found puzzle contour
2025-06-11 18:04:22,182 - sudoku_ocr - INFO - Successfully transformed puzzle image
2025-06-11 18:04:22,190 - sudoku_ocr - INFO - Successfully preprocessed board image
2025-06-11 18:04:22,393 - sudoku_ocr - INFO - Successfully processed entire Sudoku grid
2025-06-11 18:04:22,393 - sudoku_ocr - INFO - Successfully processed entire Sudoku grid
2025-06-11 18:05:13,937 - sudoku_ocr - INFO - Successfully completed OCR prediction
2025-06-11 18:05:13,938 - sudoku_ocr - INFO - Successfully parsed OCR results into Sudoku grid
2025-06-11 18:05:13,940 - sudoku_ocr - INFO - Successfully created Sudoku puzzle
2025-06-11 18:05:13,955 - sudoku_ocr - INFO - Successfully solved Sudoku puzzle
2025-06-11 18:05:13,959 - sudoku_ocr - INFO - Successfully drew solution on board
2025-06-12 00:25:41,228 - sudoku_ocr - INFO - Successfully initialized PaddleOCR
2025-06-12 00:25:41,373 - sudoku_ocr - INFO - Successfully found puzzle contour
2025-06-12 00:25:41,387 - sudoku_ocr - INFO - Successfully transformed puzzle image
2025-06-12 00:25:41,396 - sudoku_ocr - INFO - Successfully preprocessed board image
2025-06-12 00:25:41,640 - sudoku_ocr - INFO - Successfully processed entire Sudoku grid
2025-06-12 00:25:41,645 - sudoku_ocr - INFO - Successfully processed entire Sudoku grid
2025-06-12 00:27:26,543 - sudoku_ocr - INFO - Successfully completed OCR prediction
2025-06-12 00:27:26,561 - sudoku_ocr - INFO - Successfully parsed OCR results into Sudoku grid
2025-06-12 00:27:26,569 - sudoku_ocr - INFO - Successfully created Sudoku puzzle
2025-06-12 00:27:26,581 - sudoku_ocr - INFO - Successfully solved Sudoku puzzle
2025-06-12 00:27:26,586 - sudoku_ocr - INFO - Successfully drew solution on board
